0 info it worked if it ends with ok
1 verbose cli [ '/usr/local/bin/node',
1 verbose cli   '/usr/local/bin/npm',
1 verbose cli   'install',
1 verbose cli   '--production' ]
2 info using npm@1.4.28
3 info using node@v0.10.32
4 verbose readDependencies using package.json deps
5 verbose install where, deps [ '/Users/ericberlin/Sites/sc_blog',
5 verbose install   [ 'bcryptjs',
5 verbose install     'bluebird',
5 verbose install     'body-parser',
5 verbose install     'bookshelf',
5 verbose install     'busboy',
5 verbose install     'cheerio',
5 verbose install     'colors',
5 verbose install     'compression',
5 verbose install     'connect-slashes',
5 verbose install     'downsize',
5 verbose install     'express',
5 verbose install     'express-hbs',
5 verbose install     'fs-extra',
5 verbose install     'html-to-text',
5 verbose install     'knex',
5 verbose install     'lodash',
5 verbose install     'moment',
5 verbose install     'morgan',
5 verbose install     'node-uuid',
5 verbose install     'nodemailer',
5 verbose install     'oauth2orize',
5 verbose install     'passport',
5 verbose install     'passport-http-bearer',
5 verbose install     'passport-oauth2-client-password',
5 verbose install     'rss',
5 verbose install     'semver',
5 verbose install     'showdown',
5 verbose install     'sqlite3',
5 verbose install     'unidecode',
5 verbose install     'validator',
5 verbose install     'xml',
5 verbose install     'mysql' ] ]
6 info preinstall ghost@0.5.3
7 verbose readDependencies using package.json deps
8 verbose already installed skipping cheerio@0.17.0 /Users/ericberlin/Sites/sc_blog
9 verbose already installed skipping colors@0.6.2 /Users/ericberlin/Sites/sc_blog
10 verbose cache add [ 'compression@1.1.0', null ]
11 verbose cache add name=undefined spec="compression@1.1.0" args=["compression@1.1.0",null]
12 verbose parsed url { protocol: null,
12 verbose parsed url   slashes: null,
12 verbose parsed url   auth: null,
12 verbose parsed url   host: null,
12 verbose parsed url   port: null,
12 verbose parsed url   hostname: null,
12 verbose parsed url   hash: null,
12 verbose parsed url   search: null,
12 verbose parsed url   query: null,
12 verbose parsed url   pathname: 'compression@1.1.0',
12 verbose parsed url   path: 'compression@1.1.0',
12 verbose parsed url   href: 'compression@1.1.0' }
13 verbose already installed skipping connect-slashes@1.2.0 /Users/ericberlin/Sites/sc_blog
14 verbose cache add name="compression" spec="1.1.0" args=["compression","1.1.0"]
15 verbose parsed url { protocol: null,
15 verbose parsed url   slashes: null,
15 verbose parsed url   auth: null,
15 verbose parsed url   host: null,
15 verbose parsed url   port: null,
15 verbose parsed url   hostname: null,
15 verbose parsed url   hash: null,
15 verbose parsed url   search: null,
15 verbose parsed url   query: null,
15 verbose parsed url   pathname: '1.1.0',
15 verbose parsed url   path: '1.1.0',
15 verbose parsed url   href: '1.1.0' }
16 verbose addNamed [ 'compression', '1.1.0' ]
17 verbose addNamed [ '1.1.0', '1.1.0' ]
18 verbose already installed skipping downsize@0.0.5 /Users/ericberlin/Sites/sc_blog
19 silly lockFile 9a9f6a14-compression-1-1-0 compression@1.1.0
20 verbose lock compression@1.1.0 /Users/ericberlin/.npm/9a9f6a14-compression-1-1-0.lock
21 verbose already installed skipping express@4.9.2 /Users/ericberlin/Sites/sc_blog
22 verbose already installed skipping express-hbs@0.7.11 /Users/ericberlin/Sites/sc_blog
23 verbose cache add [ 'fs-extra@0.8.1', null ]
24 verbose cache add name=undefined spec="fs-extra@0.8.1" args=["fs-extra@0.8.1",null]
25 verbose parsed url { protocol: null,
25 verbose parsed url   slashes: null,
25 verbose parsed url   auth: null,
25 verbose parsed url   host: null,
25 verbose parsed url   port: null,
25 verbose parsed url   hostname: null,
25 verbose parsed url   hash: null,
25 verbose parsed url   search: null,
25 verbose parsed url   query: null,
25 verbose parsed url   pathname: 'fs-extra@0.8.1',
25 verbose parsed url   path: 'fs-extra@0.8.1',
25 verbose parsed url   href: 'fs-extra@0.8.1' }
26 verbose cache add name="fs-extra" spec="0.8.1" args=["fs-extra","0.8.1"]
27 verbose parsed url { protocol: null,
27 verbose parsed url   slashes: null,
27 verbose parsed url   auth: null,
27 verbose parsed url   host: null,
27 verbose parsed url   port: null,
27 verbose parsed url   hostname: null,
27 verbose parsed url   hash: null,
27 verbose parsed url   search: null,
27 verbose parsed url   query: null,
27 verbose parsed url   pathname: '0.8.1',
27 verbose parsed url   path: '0.8.1',
27 verbose parsed url   href: '0.8.1' }
28 verbose addNamed [ 'fs-extra', '0.8.1' ]
29 verbose addNamed [ '0.8.1', '0.8.1' ]
30 silly lockFile a33ddd61-fs-extra-0-8-1 fs-extra@0.8.1
31 verbose lock fs-extra@0.8.1 /Users/ericberlin/.npm/a33ddd61-fs-extra-0-8-1.lock
32 verbose cache add [ 'html-to-text@^0.1.0', null ]
33 verbose cache add name=undefined spec="html-to-text@^0.1.0" args=["html-to-text@^0.1.0",null]
34 verbose parsed url { protocol: null,
34 verbose parsed url   slashes: null,
34 verbose parsed url   auth: null,
34 verbose parsed url   host: null,
34 verbose parsed url   port: null,
34 verbose parsed url   hostname: null,
34 verbose parsed url   hash: null,
34 verbose parsed url   search: null,
34 verbose parsed url   query: null,
34 verbose parsed url   pathname: 'html-to-text@^0.1.0',
34 verbose parsed url   path: 'html-to-text@^0.1.0',
34 verbose parsed url   href: 'html-to-text@^0.1.0' }
35 verbose cache add name="html-to-text" spec="^0.1.0" args=["html-to-text","^0.1.0"]
36 verbose parsed url { protocol: null,
36 verbose parsed url   slashes: null,
36 verbose parsed url   auth: null,
36 verbose parsed url   host: null,
36 verbose parsed url   port: null,
36 verbose parsed url   hostname: null,
36 verbose parsed url   hash: null,
36 verbose parsed url   search: null,
36 verbose parsed url   query: null,
36 verbose parsed url   pathname: '^0.1.0',
36 verbose parsed url   path: '^0.1.0',
36 verbose parsed url   href: '^0.1.0' }
37 verbose addNamed [ 'html-to-text', '^0.1.0' ]
38 verbose addNamed [ null, '>=0.1.0-0 <0.2.0-0' ]
39 silly lockFile 6194c48a-html-to-text-0-1-0 html-to-text@^0.1.0
40 verbose lock html-to-text@^0.1.0 /Users/ericberlin/.npm/6194c48a-html-to-text-0-1-0.lock
41 verbose already installed skipping knex@0.6.21 /Users/ericberlin/Sites/sc_blog
42 verbose request where is /compression
43 verbose request registry https://registry.npmjs.org/
44 verbose request id a25768edabfff50f
45 verbose url raw /compression
46 verbose url resolving [ 'https://registry.npmjs.org/', './compression' ]
47 verbose url resolved https://registry.npmjs.org/compression
48 verbose request where is https://registry.npmjs.org/compression
49 info trying registry request attempt 1 at 12:15:19
50 verbose etag "1XEAQRB091EL0WC4DISJGWM7X"
51 http GET https://registry.npmjs.org/compression
52 verbose already installed skipping lodash@2.4.1 /Users/ericberlin/Sites/sc_blog
53 verbose already installed skipping moment@2.4.0 /Users/ericberlin/Sites/sc_blog
54 verbose already installed skipping morgan@1.3.1 /Users/ericberlin/Sites/sc_blog
55 verbose already installed skipping node-uuid@1.4.1 /Users/ericberlin/Sites/sc_blog
56 verbose already installed skipping nodemailer@0.7.1 /Users/ericberlin/Sites/sc_blog
57 verbose already installed skipping oauth2orize@1.0.1 /Users/ericberlin/Sites/sc_blog
58 verbose already installed skipping passport@0.2.0 /Users/ericberlin/Sites/sc_blog
59 verbose already installed skipping passport-http-bearer@1.0.1 /Users/ericberlin/Sites/sc_blog
60 verbose already installed skipping passport-oauth2-client-password@0.1.1 /Users/ericberlin/Sites/sc_blog
61 verbose cache add [ 'rss@0.2.1', null ]
62 verbose cache add name=undefined spec="rss@0.2.1" args=["rss@0.2.1",null]
63 verbose parsed url { protocol: null,
63 verbose parsed url   slashes: null,
63 verbose parsed url   auth: null,
63 verbose parsed url   host: null,
63 verbose parsed url   port: null,
63 verbose parsed url   hostname: null,
63 verbose parsed url   hash: null,
63 verbose parsed url   search: null,
63 verbose parsed url   query: null,
63 verbose parsed url   pathname: 'rss@0.2.1',
63 verbose parsed url   path: 'rss@0.2.1',
63 verbose parsed url   href: 'rss@0.2.1' }
64 verbose cache add [ 'semver@2.2.1', null ]
65 verbose cache add name=undefined spec="semver@2.2.1" args=["semver@2.2.1",null]
66 verbose parsed url { protocol: null,
66 verbose parsed url   slashes: null,
66 verbose parsed url   auth: null,
66 verbose parsed url   host: null,
66 verbose parsed url   port: null,
66 verbose parsed url   hostname: null,
66 verbose parsed url   hash: null,
66 verbose parsed url   search: null,
66 verbose parsed url   query: null,
66 verbose parsed url   pathname: 'semver@2.2.1',
66 verbose parsed url   path: 'semver@2.2.1',
66 verbose parsed url   href: 'semver@2.2.1' }
67 verbose already installed skipping showdown@https://github.com/ErisDS/showdown/archive/v0.3.2-ghost.tar.gz /Users/ericberlin/Sites/sc_blog
68 verbose cache add [ 'sqlite3@2.2.7', null ]
69 verbose cache add name=undefined spec="sqlite3@2.2.7" args=["sqlite3@2.2.7",null]
70 verbose parsed url { protocol: null,
70 verbose parsed url   slashes: null,
70 verbose parsed url   auth: null,
70 verbose parsed url   host: null,
70 verbose parsed url   port: null,
70 verbose parsed url   hostname: null,
70 verbose parsed url   hash: null,
70 verbose parsed url   search: null,
70 verbose parsed url   query: null,
70 verbose parsed url   pathname: 'sqlite3@2.2.7',
70 verbose parsed url   path: 'sqlite3@2.2.7',
70 verbose parsed url   href: 'sqlite3@2.2.7' }
71 verbose already installed skipping unidecode@0.1.3 /Users/ericberlin/Sites/sc_blog
72 verbose already installed skipping validator@3.4.0 /Users/ericberlin/Sites/sc_blog
73 verbose already installed skipping xml@0.0.12 /Users/ericberlin/Sites/sc_blog
74 verbose cache add [ 'mysql@2.1.1', null ]
75 verbose cache add name=undefined spec="mysql@2.1.1" args=["mysql@2.1.1",null]
76 verbose parsed url { protocol: null,
76 verbose parsed url   slashes: null,
76 verbose parsed url   auth: null,
76 verbose parsed url   host: null,
76 verbose parsed url   port: null,
76 verbose parsed url   hostname: null,
76 verbose parsed url   hash: null,
76 verbose parsed url   search: null,
76 verbose parsed url   query: null,
76 verbose parsed url   pathname: 'mysql@2.1.1',
76 verbose parsed url   path: 'mysql@2.1.1',
76 verbose parsed url   href: 'mysql@2.1.1' }
77 verbose cache add [ 'bcryptjs@0.7.10', null ]
78 verbose cache add name=undefined spec="bcryptjs@0.7.10" args=["bcryptjs@0.7.10",null]
79 verbose parsed url { protocol: null,
79 verbose parsed url   slashes: null,
79 verbose parsed url   auth: null,
79 verbose parsed url   host: null,
79 verbose parsed url   port: null,
79 verbose parsed url   hostname: null,
79 verbose parsed url   hash: null,
79 verbose parsed url   search: null,
79 verbose parsed url   query: null,
79 verbose parsed url   pathname: 'bcryptjs@0.7.10',
79 verbose parsed url   path: 'bcryptjs@0.7.10',
79 verbose parsed url   href: 'bcryptjs@0.7.10' }
80 verbose cache add [ 'bluebird@2.3.0', null ]
81 verbose cache add name=undefined spec="bluebird@2.3.0" args=["bluebird@2.3.0",null]
82 verbose parsed url { protocol: null,
82 verbose parsed url   slashes: null,
82 verbose parsed url   auth: null,
82 verbose parsed url   host: null,
82 verbose parsed url   port: null,
82 verbose parsed url   hostname: null,
82 verbose parsed url   hash: null,
82 verbose parsed url   search: null,
82 verbose parsed url   query: null,
82 verbose parsed url   pathname: 'bluebird@2.3.0',
82 verbose parsed url   path: 'bluebird@2.3.0',
82 verbose parsed url   href: 'bluebird@2.3.0' }
83 verbose already installed skipping body-parser@1.8.2 /Users/ericberlin/Sites/sc_blog
84 verbose cache add [ 'bookshelf@0.7.6', null ]
85 verbose cache add name=undefined spec="bookshelf@0.7.6" args=["bookshelf@0.7.6",null]
86 verbose parsed url { protocol: null,
86 verbose parsed url   slashes: null,
86 verbose parsed url   auth: null,
86 verbose parsed url   host: null,
86 verbose parsed url   port: null,
86 verbose parsed url   hostname: null,
86 verbose parsed url   hash: null,
86 verbose parsed url   search: null,
86 verbose parsed url   query: null,
86 verbose parsed url   pathname: 'bookshelf@0.7.6',
86 verbose parsed url   path: 'bookshelf@0.7.6',
86 verbose parsed url   href: 'bookshelf@0.7.6' }
87 verbose already installed skipping busboy@0.2.8 /Users/ericberlin/Sites/sc_blog
88 silly addNameRange { name: 'html-to-text',
88 silly addNameRange   range: '>=0.1.0-0 <0.2.0-0',
88 silly addNameRange   hasData: false }
89 verbose cache add name="rss" spec="0.2.1" args=["rss","0.2.1"]
90 verbose parsed url { protocol: null,
90 verbose parsed url   slashes: null,
90 verbose parsed url   auth: null,
90 verbose parsed url   host: null,
90 verbose parsed url   port: null,
90 verbose parsed url   hostname: null,
90 verbose parsed url   hash: null,
90 verbose parsed url   search: null,
90 verbose parsed url   query: null,
90 verbose parsed url   pathname: '0.2.1',
90 verbose parsed url   path: '0.2.1',
90 verbose parsed url   href: '0.2.1' }
91 verbose addNamed [ 'rss', '0.2.1' ]
92 verbose addNamed [ '0.2.1', '0.2.1' ]
93 silly lockFile 9f4024db-rss-0-2-1 rss@0.2.1
94 verbose lock rss@0.2.1 /Users/ericberlin/.npm/9f4024db-rss-0-2-1.lock
95 verbose cache add name="semver" spec="2.2.1" args=["semver","2.2.1"]
96 verbose parsed url { protocol: null,
96 verbose parsed url   slashes: null,
96 verbose parsed url   auth: null,
96 verbose parsed url   host: null,
96 verbose parsed url   port: null,
96 verbose parsed url   hostname: null,
96 verbose parsed url   hash: null,
96 verbose parsed url   search: null,
96 verbose parsed url   query: null,
96 verbose parsed url   pathname: '2.2.1',
96 verbose parsed url   path: '2.2.1',
96 verbose parsed url   href: '2.2.1' }
97 verbose addNamed [ 'semver', '2.2.1' ]
98 verbose addNamed [ '2.2.1', '2.2.1' ]
99 silly lockFile 609d7676-semver-2-2-1 semver@2.2.1
100 verbose lock semver@2.2.1 /Users/ericberlin/.npm/609d7676-semver-2-2-1.lock
101 verbose cache add name="sqlite3" spec="2.2.7" args=["sqlite3","2.2.7"]
102 verbose parsed url { protocol: null,
102 verbose parsed url   slashes: null,
102 verbose parsed url   auth: null,
102 verbose parsed url   host: null,
102 verbose parsed url   port: null,
102 verbose parsed url   hostname: null,
102 verbose parsed url   hash: null,
102 verbose parsed url   search: null,
102 verbose parsed url   query: null,
102 verbose parsed url   pathname: '2.2.7',
102 verbose parsed url   path: '2.2.7',
102 verbose parsed url   href: '2.2.7' }
103 verbose addNamed [ 'sqlite3', '2.2.7' ]
104 verbose addNamed [ '2.2.7', '2.2.7' ]
105 silly lockFile c4b003ef-sqlite3-2-2-7 sqlite3@2.2.7
106 verbose lock sqlite3@2.2.7 /Users/ericberlin/.npm/c4b003ef-sqlite3-2-2-7.lock
107 verbose cache add name="mysql" spec="2.1.1" args=["mysql","2.1.1"]
108 verbose parsed url { protocol: null,
108 verbose parsed url   slashes: null,
108 verbose parsed url   auth: null,
108 verbose parsed url   host: null,
108 verbose parsed url   port: null,
108 verbose parsed url   hostname: null,
108 verbose parsed url   hash: null,
108 verbose parsed url   search: null,
108 verbose parsed url   query: null,
108 verbose parsed url   pathname: '2.1.1',
108 verbose parsed url   path: '2.1.1',
108 verbose parsed url   href: '2.1.1' }
109 verbose addNamed [ 'mysql', '2.1.1' ]
110 verbose addNamed [ '2.1.1', '2.1.1' ]
111 silly lockFile df0a7fd5-mysql-2-1-1 mysql@2.1.1
112 verbose lock mysql@2.1.1 /Users/ericberlin/.npm/df0a7fd5-mysql-2-1-1.lock
113 verbose cache add name="bcryptjs" spec="0.7.10" args=["bcryptjs","0.7.10"]
114 verbose parsed url { protocol: null,
114 verbose parsed url   slashes: null,
114 verbose parsed url   auth: null,
114 verbose parsed url   host: null,
114 verbose parsed url   port: null,
114 verbose parsed url   hostname: null,
114 verbose parsed url   hash: null,
114 verbose parsed url   search: null,
114 verbose parsed url   query: null,
114 verbose parsed url   pathname: '0.7.10',
114 verbose parsed url   path: '0.7.10',
114 verbose parsed url   href: '0.7.10' }
115 verbose addNamed [ 'bcryptjs', '0.7.10' ]
116 verbose addNamed [ '0.7.10', '0.7.10' ]
117 silly lockFile b8fc5be2-bcryptjs-0-7-10 bcryptjs@0.7.10
118 verbose lock bcryptjs@0.7.10 /Users/ericberlin/.npm/b8fc5be2-bcryptjs-0-7-10.lock
119 verbose cache add name="bluebird" spec="2.3.0" args=["bluebird","2.3.0"]
120 verbose parsed url { protocol: null,
120 verbose parsed url   slashes: null,
120 verbose parsed url   auth: null,
120 verbose parsed url   host: null,
120 verbose parsed url   port: null,
120 verbose parsed url   hostname: null,
120 verbose parsed url   hash: null,
120 verbose parsed url   search: null,
120 verbose parsed url   query: null,
120 verbose parsed url   pathname: '2.3.0',
120 verbose parsed url   path: '2.3.0',
120 verbose parsed url   href: '2.3.0' }
121 verbose addNamed [ 'bluebird', '2.3.0' ]
122 verbose addNamed [ '2.3.0', '2.3.0' ]
123 silly lockFile 629ba211-bluebird-2-3-0 bluebird@2.3.0
124 verbose lock bluebird@2.3.0 /Users/ericberlin/.npm/629ba211-bluebird-2-3-0.lock
125 verbose cache add name="bookshelf" spec="0.7.6" args=["bookshelf","0.7.6"]
126 verbose parsed url { protocol: null,
126 verbose parsed url   slashes: null,
126 verbose parsed url   auth: null,
126 verbose parsed url   host: null,
126 verbose parsed url   port: null,
126 verbose parsed url   hostname: null,
126 verbose parsed url   hash: null,
126 verbose parsed url   search: null,
126 verbose parsed url   query: null,
126 verbose parsed url   pathname: '0.7.6',
126 verbose parsed url   path: '0.7.6',
126 verbose parsed url   href: '0.7.6' }
127 verbose addNamed [ 'bookshelf', '0.7.6' ]
128 verbose addNamed [ '0.7.6', '0.7.6' ]
129 silly lockFile 6e521f43-bookshelf-0-7-6 bookshelf@0.7.6
130 verbose lock bookshelf@0.7.6 /Users/ericberlin/.npm/6e521f43-bookshelf-0-7-6.lock
131 verbose request where is /fs-extra
132 verbose request registry https://registry.npmjs.org/
133 verbose url raw /fs-extra
134 verbose url resolving [ 'https://registry.npmjs.org/', './fs-extra' ]
135 verbose url resolved https://registry.npmjs.org/fs-extra
136 verbose request where is https://registry.npmjs.org/fs-extra
137 info trying registry request attempt 1 at 12:15:19
138 verbose etag "TSJA72QG8H7CEMLMJYYKAZF0"
139 http GET https://registry.npmjs.org/fs-extra
140 verbose request where is /html-to-text
141 verbose request registry https://registry.npmjs.org/
142 verbose url raw /html-to-text
143 verbose url resolving [ 'https://registry.npmjs.org/', './html-to-text' ]
144 verbose url resolved https://registry.npmjs.org/html-to-text
145 verbose request where is https://registry.npmjs.org/html-to-text
146 info trying registry request attempt 1 at 12:15:19
147 verbose etag "82XWTYIP861BL6MBMWJHG0465"
148 http GET https://registry.npmjs.org/html-to-text
149 verbose request where is /rss
150 verbose request registry https://registry.npmjs.org/
151 verbose url raw /rss
152 verbose url resolving [ 'https://registry.npmjs.org/', './rss' ]
153 verbose url resolved https://registry.npmjs.org/rss
154 verbose request where is https://registry.npmjs.org/rss
155 info trying registry request attempt 1 at 12:15:19
156 verbose etag "8NCCKEIH6B0WYJF1MA7G5573X"
157 http GET https://registry.npmjs.org/rss
158 verbose request where is /semver
159 verbose request registry https://registry.npmjs.org/
160 verbose url raw /semver
161 verbose url resolving [ 'https://registry.npmjs.org/', './semver' ]
162 verbose url resolved https://registry.npmjs.org/semver
163 verbose request where is https://registry.npmjs.org/semver
164 info trying registry request attempt 1 at 12:15:19
165 verbose etag "7KE64HKTA1BNTG9STJQ5I6X5N"
166 http GET https://registry.npmjs.org/semver
167 verbose request where is /sqlite3
168 verbose request registry https://registry.npmjs.org/
169 verbose url raw /sqlite3
170 verbose url resolving [ 'https://registry.npmjs.org/', './sqlite3' ]
171 verbose url resolved https://registry.npmjs.org/sqlite3
172 verbose request where is https://registry.npmjs.org/sqlite3
173 info trying registry request attempt 1 at 12:15:19
174 verbose etag "8AK3MIJV8C1530W7E5ADMM967"
175 http GET https://registry.npmjs.org/sqlite3
176 verbose request where is /mysql
177 verbose request registry https://registry.npmjs.org/
178 verbose url raw /mysql
179 verbose url resolving [ 'https://registry.npmjs.org/', './mysql' ]
180 verbose url resolved https://registry.npmjs.org/mysql
181 verbose request where is https://registry.npmjs.org/mysql
182 info trying registry request attempt 1 at 12:15:19
183 verbose etag "3RI5FRHBL7W7FZU6YD9IP9XCZ"
184 http GET https://registry.npmjs.org/mysql
185 verbose request where is /bcryptjs
186 verbose request registry https://registry.npmjs.org/
187 verbose url raw /bcryptjs
188 verbose url resolving [ 'https://registry.npmjs.org/', './bcryptjs' ]
189 verbose url resolved https://registry.npmjs.org/bcryptjs
190 verbose request where is https://registry.npmjs.org/bcryptjs
191 info trying registry request attempt 1 at 12:15:19
192 verbose etag "2XK0BWNXDQ6P5UI0Z69JJW5FF"
193 http GET https://registry.npmjs.org/bcryptjs
194 verbose request where is /bluebird
195 verbose request registry https://registry.npmjs.org/
196 verbose url raw /bluebird
197 verbose url resolving [ 'https://registry.npmjs.org/', './bluebird' ]
198 verbose url resolved https://registry.npmjs.org/bluebird
199 verbose request where is https://registry.npmjs.org/bluebird
200 info trying registry request attempt 1 at 12:15:19
201 verbose etag "B5YFF3UPA1V1LQ5I44ESK2LLZ"
202 http GET https://registry.npmjs.org/bluebird
203 verbose request where is /bookshelf
204 verbose request registry https://registry.npmjs.org/
205 verbose url raw /bookshelf
206 verbose url resolving [ 'https://registry.npmjs.org/', './bookshelf' ]
207 verbose url resolved https://registry.npmjs.org/bookshelf
208 verbose request where is https://registry.npmjs.org/bookshelf
209 info trying registry request attempt 1 at 12:15:19
210 verbose etag "9VOR70KA3YOBJM9N0OJ2D4DW0"
211 http GET https://registry.npmjs.org/bookshelf
212 http 304 https://registry.npmjs.org/fs-extra
213 silly registry.get cb [ 304,
213 silly registry.get   { date: 'Mon, 10 Nov 2014 11:15:19 GMT',
213 silly registry.get     server: 'Apache',
213 silly registry.get     via: '1.1 varnish',
213 silly registry.get     'last-modified': 'Mon, 10 Nov 2014 11:15:19 GMT',
213 silly registry.get     'cache-control': 'max-age=60',
213 silly registry.get     etag: '"TSJA72QG8H7CEMLMJYYKAZF0"',
213 silly registry.get     age: '27',
213 silly registry.get     'x-served-by': 'cache-ams4129-AMS',
213 silly registry.get     'x-cache': 'HIT',
213 silly registry.get     'x-cache-hits': '1',
213 silly registry.get     'x-timer': 'S1415618119.336270,VS0,VE0',
213 silly registry.get     vary: 'Accept',
213 silly registry.get     'content-length': '0',
213 silly registry.get     'keep-alive': 'timeout=10, max=50',
213 silly registry.get     connection: 'Keep-Alive' } ]
214 verbose etag https://registry.npmjs.org/fs-extra from cache
215 http 304 https://registry.npmjs.org/compression
216 silly registry.get cb [ 304,
216 silly registry.get   { date: 'Mon, 10 Nov 2014 11:15:19 GMT',
216 silly registry.get     server: 'Apache',
216 silly registry.get     via: '1.1 varnish',
216 silly registry.get     'last-modified': 'Mon, 10 Nov 2014 11:15:19 GMT',
216 silly registry.get     'cache-control': 'max-age=60',
216 silly registry.get     etag: '"1XEAQRB091EL0WC4DISJGWM7X"',
216 silly registry.get     age: '12',
216 silly registry.get     'x-served-by': 'cache-ams4128-AMS',
216 silly registry.get     'x-cache': 'HIT',
216 silly registry.get     'x-cache-hits': '1',
216 silly registry.get     'x-timer': 'S1415618119.341169,VS0,VE0',
216 silly registry.get     vary: 'Accept',
216 silly registry.get     'content-length': '0',
216 silly registry.get     'keep-alive': 'timeout=10, max=50',
216 silly registry.get     connection: 'Keep-Alive' } ]
217 verbose etag https://registry.npmjs.org/compression from cache
218 silly lockFile 1c2abe16--org-fs-extra-fs-extra-0-8-1-tgz https://registry.npmjs.org/fs-extra/-/fs-extra-0.8.1.tgz
219 verbose lock https://registry.npmjs.org/fs-extra/-/fs-extra-0.8.1.tgz /Users/ericberlin/.npm/1c2abe16--org-fs-extra-fs-extra-0-8-1-tgz.lock
220 silly lockFile 1620ac69-ompression-compression-1-1-0-tgz https://registry.npmjs.org/compression/-/compression-1.1.0.tgz
221 verbose lock https://registry.npmjs.org/compression/-/compression-1.1.0.tgz /Users/ericberlin/.npm/1620ac69-ompression-compression-1-1-0-tgz.lock
222 verbose addRemoteTarball [ 'https://registry.npmjs.org/fs-extra/-/fs-extra-0.8.1.tgz',
222 verbose addRemoteTarball   '0e5779ffbfedf511bc755595c7f03c06d4b43e8d' ]
223 verbose addRemoteTarball [ 'https://registry.npmjs.org/compression/-/compression-1.1.0.tgz',
223 verbose addRemoteTarball   '58243eded272fc531d7c744d8e8daa7cc0b99215' ]
224 info retry fetch attempt 1 at 12:15:19
225 verbose fetch to= /var/folders/l5/n9b8_nk1041cmmr34k_bz1_80000gn/T/npm-23316-pSrPc5Kz/registry.npmjs.org/compression/-/compression-1.1.0.tgz
226 info retry fetch attempt 1 at 12:15:19
227 verbose fetch to= /var/folders/l5/n9b8_nk1041cmmr34k_bz1_80000gn/T/npm-23316-pSrPc5Kz/registry.npmjs.org/fs-extra/-/fs-extra-0.8.1.tgz
228 http GET https://registry.npmjs.org/compression/-/compression-1.1.0.tgz
229 http GET https://registry.npmjs.org/fs-extra/-/fs-extra-0.8.1.tgz
230 http 304 https://registry.npmjs.org/semver
231 silly registry.get cb [ 304,
231 silly registry.get   { date: 'Mon, 10 Nov 2014 11:15:19 GMT',
231 silly registry.get     server: 'Apache',
231 silly registry.get     via: '1.1 varnish',
231 silly registry.get     'last-modified': 'Mon, 10 Nov 2014 11:15:19 GMT',
231 silly registry.get     'cache-control': 'max-age=60',
231 silly registry.get     etag: '"7KE64HKTA1BNTG9STJQ5I6X5N"',
231 silly registry.get     age: '32',
231 silly registry.get     'x-served-by': 'cache-ams4144-AMS',
231 silly registry.get     'x-cache': 'HIT',
231 silly registry.get     'x-cache-hits': '1',
231 silly registry.get     'x-timer': 'S1415618119.363889,VS0,VE0',
231 silly registry.get     vary: 'Accept',
231 silly registry.get     'content-length': '0',
231 silly registry.get     'keep-alive': 'timeout=10, max=50',
231 silly registry.get     connection: 'Keep-Alive' } ]
232 verbose etag https://registry.npmjs.org/semver from cache
233 silly lockFile e8fcf475-pmjs-org-semver-semver-2-2-1-tgz https://registry.npmjs.org/semver/-/semver-2.2.1.tgz
234 verbose lock https://registry.npmjs.org/semver/-/semver-2.2.1.tgz /Users/ericberlin/.npm/e8fcf475-pmjs-org-semver-semver-2-2-1-tgz.lock
235 verbose addRemoteTarball [ 'https://registry.npmjs.org/semver/-/semver-2.2.1.tgz',
235 verbose addRemoteTarball   '7941182b3ffcc580bff1c17942acdf7951c0d213' ]
236 info retry fetch attempt 1 at 12:15:19
237 verbose fetch to= /var/folders/l5/n9b8_nk1041cmmr34k_bz1_80000gn/T/npm-23316-pSrPc5Kz/registry.npmjs.org/semver/-/semver-2.2.1.tgz
238 http GET https://registry.npmjs.org/semver/-/semver-2.2.1.tgz
239 http 304 https://registry.npmjs.org/sqlite3
240 silly registry.get cb [ 304,
240 silly registry.get   { date: 'Mon, 10 Nov 2014 11:15:19 GMT',
240 silly registry.get     server: 'Apache',
240 silly registry.get     via: '1.1 varnish',
240 silly registry.get     'last-modified': 'Mon, 10 Nov 2014 11:15:19 GMT',
240 silly registry.get     'cache-control': 'max-age=60',
240 silly registry.get     etag: '"8AK3MIJV8C1530W7E5ADMM967"',
240 silly registry.get     age: '12',
240 silly registry.get     'x-served-by': 'cache-ams4129-AMS',
240 silly registry.get     'x-cache': 'HIT',
240 silly registry.get     'x-cache-hits': '1',
240 silly registry.get     'x-timer': 'S1415618119.379828,VS0,VE0',
240 silly registry.get     vary: 'Accept',
240 silly registry.get     'content-length': '0',
240 silly registry.get     'keep-alive': 'timeout=10, max=49',
240 silly registry.get     connection: 'Keep-Alive' } ]
241 verbose etag https://registry.npmjs.org/sqlite3 from cache
242 http 304 https://registry.npmjs.org/mysql
243 silly registry.get cb [ 304,
243 silly registry.get   { date: 'Mon, 10 Nov 2014 11:15:19 GMT',
243 silly registry.get     server: 'Apache',
243 silly registry.get     via: '1.1 varnish',
243 silly registry.get     'last-modified': 'Mon, 10 Nov 2014 11:14:46 GMT',
243 silly registry.get     'cache-control': 'max-age=60',
243 silly registry.get     etag: '"3RI5FRHBL7W7FZU6YD9IP9XCZ"',
243 silly registry.get     age: '33',
243 silly registry.get     'x-served-by': 'cache-ams4128-AMS',
243 silly registry.get     'x-cache': 'HIT',
243 silly registry.get     'x-cache-hits': '2',
243 silly registry.get     'x-timer': 'S1415618119.384298,VS0,VE0',
243 silly registry.get     vary: 'Accept',
243 silly registry.get     'content-length': '0',
243 silly registry.get     'keep-alive': 'timeout=10, max=49',
243 silly registry.get     connection: 'Keep-Alive' } ]
244 verbose etag https://registry.npmjs.org/mysql from cache
245 silly lockFile 82bacb71-js-org-sqlite3-sqlite3-2-2-7-tgz https://registry.npmjs.org/sqlite3/-/sqlite3-2.2.7.tgz
246 verbose lock https://registry.npmjs.org/sqlite3/-/sqlite3-2.2.7.tgz /Users/ericberlin/.npm/82bacb71-js-org-sqlite3-sqlite3-2-2-7-tgz.lock
247 silly lockFile 4a8a7076--npmjs-org-mysql-mysql-2-1-1-tgz https://registry.npmjs.org/mysql/-/mysql-2.1.1.tgz
248 verbose lock https://registry.npmjs.org/mysql/-/mysql-2.1.1.tgz /Users/ericberlin/.npm/4a8a7076--npmjs-org-mysql-mysql-2-1-1-tgz.lock
249 verbose addRemoteTarball [ 'https://registry.npmjs.org/sqlite3/-/sqlite3-2.2.7.tgz',
249 verbose addRemoteTarball   'fe5d7fbab8a8800c755375520946b24ac0636bde' ]
250 verbose addRemoteTarball [ 'https://registry.npmjs.org/mysql/-/mysql-2.1.1.tgz',
250 verbose addRemoteTarball   '3ec79b945dee2830fc995515e551a54dceac8383' ]
251 info retry fetch attempt 1 at 12:15:19
252 verbose fetch to= /var/folders/l5/n9b8_nk1041cmmr34k_bz1_80000gn/T/npm-23316-pSrPc5Kz/registry.npmjs.org/sqlite3/-/sqlite3-2.2.7.tgz
253 info retry fetch attempt 1 at 12:15:19
254 verbose fetch to= /var/folders/l5/n9b8_nk1041cmmr34k_bz1_80000gn/T/npm-23316-pSrPc5Kz/registry.npmjs.org/mysql/-/mysql-2.1.1.tgz
255 http GET https://registry.npmjs.org/sqlite3/-/sqlite3-2.2.7.tgz
256 http GET https://registry.npmjs.org/mysql/-/mysql-2.1.1.tgz
257 http 304 https://registry.npmjs.org/bcryptjs
258 silly registry.get cb [ 304,
258 silly registry.get   { date: 'Mon, 10 Nov 2014 11:15:19 GMT',
258 silly registry.get     server: 'Apache',
258 silly registry.get     via: '1.1 varnish',
258 silly registry.get     'last-modified': 'Mon, 10 Nov 2014 11:15:19 GMT',
258 silly registry.get     'cache-control': 'max-age=60',
258 silly registry.get     etag: '"2XK0BWNXDQ6P5UI0Z69JJW5FF"',
258 silly registry.get     age: '1',
258 silly registry.get     'x-served-by': 'cache-ams4144-AMS',
258 silly registry.get     'x-cache': 'HIT',
258 silly registry.get     'x-cache-hits': '1',
258 silly registry.get     'x-timer': 'S1415618119.404602,VS0,VE0',
258 silly registry.get     vary: 'Accept',
258 silly registry.get     'content-length': '0',
258 silly registry.get     'keep-alive': 'timeout=10, max=49',
258 silly registry.get     connection: 'Keep-Alive' } ]
259 verbose etag https://registry.npmjs.org/bcryptjs from cache
260 silly lockFile cc78992a-org-bcryptjs-bcryptjs-0-7-10-tgz https://registry.npmjs.org/bcryptjs/-/bcryptjs-0.7.10.tgz
261 verbose lock https://registry.npmjs.org/bcryptjs/-/bcryptjs-0.7.10.tgz /Users/ericberlin/.npm/cc78992a-org-bcryptjs-bcryptjs-0-7-10-tgz.lock
262 verbose addRemoteTarball [ 'https://registry.npmjs.org/bcryptjs/-/bcryptjs-0.7.10.tgz',
262 verbose addRemoteTarball   '5267e18589fe0bf6aa239ab75f34986ed78d0ee7' ]
263 info retry fetch attempt 1 at 12:15:19
264 verbose fetch to= /var/folders/l5/n9b8_nk1041cmmr34k_bz1_80000gn/T/npm-23316-pSrPc5Kz/registry.npmjs.org/bcryptjs/-/bcryptjs-0.7.10.tgz
265 http GET https://registry.npmjs.org/bcryptjs/-/bcryptjs-0.7.10.tgz
266 http 304 https://registry.npmjs.org/bookshelf
267 silly registry.get cb [ 304,
267 silly registry.get   { date: 'Mon, 10 Nov 2014 11:15:19 GMT',
267 silly registry.get     server: 'Apache',
267 silly registry.get     via: '1.1 varnish',
267 silly registry.get     'last-modified': 'Mon, 10 Nov 2014 11:15:07 GMT',
267 silly registry.get     'cache-control': 'max-age=60',
267 silly registry.get     etag: '"9VOR70KA3YOBJM9N0OJ2D4DW0"',
267 silly registry.get     age: '12',
267 silly registry.get     'x-served-by': 'cache-ams4128-AMS',
267 silly registry.get     'x-cache': 'HIT',
267 silly registry.get     'x-cache-hits': '2',
267 silly registry.get     'x-timer': 'S1415618119.429566,VS0,VE0',
267 silly registry.get     vary: 'Accept',
267 silly registry.get     'content-length': '0',
267 silly registry.get     'keep-alive': 'timeout=10, max=48',
267 silly registry.get     connection: 'Keep-Alive' } ]
268 verbose etag https://registry.npmjs.org/bookshelf from cache
269 silly lockFile 248ca39b-rg-bookshelf-bookshelf-0-7-6-tgz https://registry.npmjs.org/bookshelf/-/bookshelf-0.7.6.tgz
270 verbose lock https://registry.npmjs.org/bookshelf/-/bookshelf-0.7.6.tgz /Users/ericberlin/.npm/248ca39b-rg-bookshelf-bookshelf-0-7-6-tgz.lock
271 verbose addRemoteTarball [ 'https://registry.npmjs.org/bookshelf/-/bookshelf-0.7.6.tgz',
271 verbose addRemoteTarball   '4c3923e54e55fd6104e157fe5b127a899b0bed7f' ]
272 info retry fetch attempt 1 at 12:15:19
273 verbose fetch to= /var/folders/l5/n9b8_nk1041cmmr34k_bz1_80000gn/T/npm-23316-pSrPc5Kz/registry.npmjs.org/bookshelf/-/bookshelf-0.7.6.tgz
274 http GET https://registry.npmjs.org/bookshelf/-/bookshelf-0.7.6.tgz
275 http 304 https://registry.npmjs.org/rss
276 silly registry.get cb [ 304,
276 silly registry.get   { date: 'Mon, 10 Nov 2014 11:15:19 GMT',
276 silly registry.get     server: 'Apache',
276 silly registry.get     via: '1.1 varnish',
276 silly registry.get     'last-modified': 'Mon, 10 Nov 2014 11:15:19 GMT',
276 silly registry.get     'cache-control': 'max-age=60',
276 silly registry.get     etag: '"8NCCKEIH6B0WYJF1MA7G5573X"',
276 silly registry.get     age: '0',
276 silly registry.get     'x-served-by': 'cache-ams4126-AMS',
276 silly registry.get     'x-cache': 'MISS',
276 silly registry.get     'x-cache-hits': '0',
276 silly registry.get     'x-timer': 'S1415618119.359144,VS0,VE92',
276 silly registry.get     vary: 'Accept',
276 silly registry.get     'content-length': '0',
276 silly registry.get     'keep-alive': 'timeout=10, max=50',
276 silly registry.get     connection: 'Keep-Alive' } ]
277 verbose etag https://registry.npmjs.org/rss from cache
278 silly lockFile 9ab49a51-stry-npmjs-org-rss-rss-0-2-1-tgz https://registry.npmjs.org/rss/-/rss-0.2.1.tgz
279 verbose lock https://registry.npmjs.org/rss/-/rss-0.2.1.tgz /Users/ericberlin/.npm/9ab49a51-stry-npmjs-org-rss-rss-0-2-1-tgz.lock
280 verbose addRemoteTarball [ 'https://registry.npmjs.org/rss/-/rss-0.2.1.tgz',
280 verbose addRemoteTarball   'd388b1cafe4eac2a942096eda3d3f606cd2512fa' ]
281 info retry fetch attempt 1 at 12:15:19
282 verbose fetch to= /var/folders/l5/n9b8_nk1041cmmr34k_bz1_80000gn/T/npm-23316-pSrPc5Kz/registry.npmjs.org/rss/-/rss-0.2.1.tgz
283 http GET https://registry.npmjs.org/rss/-/rss-0.2.1.tgz
284 http 304 https://registry.npmjs.org/html-to-text
285 silly registry.get cb [ 304,
285 silly registry.get   { date: 'Mon, 10 Nov 2014 11:15:19 GMT',
285 silly registry.get     server: 'Apache',
285 silly registry.get     via: '1.1 varnish',
285 silly registry.get     'last-modified': 'Mon, 10 Nov 2014 11:15:19 GMT',
285 silly registry.get     'cache-control': 'max-age=60',
285 silly registry.get     etag: '"82XWTYIP861BL6MBMWJHG0465"',
285 silly registry.get     age: '0',
285 silly registry.get     'x-served-by': 'cache-ams4132-AMS',
285 silly registry.get     'x-cache': 'HIT',
285 silly registry.get     'x-cache-hits': '1',
285 silly registry.get     'x-timer': 'S1415618119.347766,VS0,VE158',
285 silly registry.get     vary: 'Accept',
285 silly registry.get     'content-length': '0',
285 silly registry.get     'keep-alive': 'timeout=10, max=50',
285 silly registry.get     connection: 'Keep-Alive' } ]
286 verbose etag https://registry.npmjs.org/html-to-text from cache
287 silly addNameRange number 2 { name: 'html-to-text',
287 silly addNameRange   range: '>=0.1.0-0 <0.2.0-0',
287 silly addNameRange   hasData: true }
288 silly addNameRange versions [ 'html-to-text',
288 silly addNameRange   [ '0.0.1',
288 silly addNameRange     '0.0.2',
288 silly addNameRange     '0.0.3',
288 silly addNameRange     '0.0.4',
288 silly addNameRange     '0.0.5',
288 silly addNameRange     '0.0.6',
288 silly addNameRange     '0.0.7',
288 silly addNameRange     '0.0.8',
288 silly addNameRange     '0.1.0',
288 silly addNameRange     '1.0.0' ] ]
289 verbose addNamed [ 'html-to-text', '0.1.0' ]
290 verbose addNamed [ '0.1.0', '0.1.0' ]
291 silly lockFile 098b13ec-html-to-text-0-1-0 html-to-text@0.1.0
292 verbose lock html-to-text@0.1.0 /Users/ericberlin/.npm/098b13ec-html-to-text-0-1-0.lock
293 silly lockFile 7939b47c-l-to-text-html-to-text-0-1-0-tgz https://registry.npmjs.org/html-to-text/-/html-to-text-0.1.0.tgz
294 verbose lock https://registry.npmjs.org/html-to-text/-/html-to-text-0.1.0.tgz /Users/ericberlin/.npm/7939b47c-l-to-text-html-to-text-0-1-0-tgz.lock
295 verbose addRemoteTarball [ 'https://registry.npmjs.org/html-to-text/-/html-to-text-0.1.0.tgz',
295 verbose addRemoteTarball   '6f5345a09712eeaf6d34e6b2a627dd77378f29af' ]
296 info retry fetch attempt 1 at 12:15:19
297 verbose fetch to= /var/folders/l5/n9b8_nk1041cmmr34k_bz1_80000gn/T/npm-23316-pSrPc5Kz/registry.npmjs.org/html-to-text/-/html-to-text-0.1.0.tgz
298 http GET https://registry.npmjs.org/html-to-text/-/html-to-text-0.1.0.tgz
299 http 200 https://registry.npmjs.org/compression/-/compression-1.1.0.tgz
300 silly lockFile 1620ac69-ompression-compression-1-1-0-tgz https://registry.npmjs.org/compression/-/compression-1.1.0.tgz
301 silly lockFile 1620ac69-ompression-compression-1-1-0-tgz https://registry.npmjs.org/compression/-/compression-1.1.0.tgz
302 silly lockFile 9a9f6a14-compression-1-1-0 compression@1.1.0
303 silly lockFile 9a9f6a14-compression-1-1-0 compression@1.1.0
304 http 200 https://registry.npmjs.org/fs-extra/-/fs-extra-0.8.1.tgz
305 http 200 https://registry.npmjs.org/semver/-/semver-2.2.1.tgz
306 silly lockFile 1c2abe16--org-fs-extra-fs-extra-0-8-1-tgz https://registry.npmjs.org/fs-extra/-/fs-extra-0.8.1.tgz
307 silly lockFile 1c2abe16--org-fs-extra-fs-extra-0-8-1-tgz https://registry.npmjs.org/fs-extra/-/fs-extra-0.8.1.tgz
308 silly lockFile a33ddd61-fs-extra-0-8-1 fs-extra@0.8.1
309 silly lockFile a33ddd61-fs-extra-0-8-1 fs-extra@0.8.1
310 http 200 https://registry.npmjs.org/bcryptjs/-/bcryptjs-0.7.10.tgz
311 http 200 https://registry.npmjs.org/mysql/-/mysql-2.1.1.tgz
312 http 200 https://registry.npmjs.org/sqlite3/-/sqlite3-2.2.7.tgz
313 http 200 https://registry.npmjs.org/bookshelf/-/bookshelf-0.7.6.tgz
314 silly lockFile e8fcf475-pmjs-org-semver-semver-2-2-1-tgz https://registry.npmjs.org/semver/-/semver-2.2.1.tgz
315 silly lockFile e8fcf475-pmjs-org-semver-semver-2-2-1-tgz https://registry.npmjs.org/semver/-/semver-2.2.1.tgz
316 silly lockFile 609d7676-semver-2-2-1 semver@2.2.1
317 silly lockFile 609d7676-semver-2-2-1 semver@2.2.1
318 http 200 https://registry.npmjs.org/rss/-/rss-0.2.1.tgz
319 silly lockFile cc78992a-org-bcryptjs-bcryptjs-0-7-10-tgz https://registry.npmjs.org/bcryptjs/-/bcryptjs-0.7.10.tgz
320 silly lockFile cc78992a-org-bcryptjs-bcryptjs-0-7-10-tgz https://registry.npmjs.org/bcryptjs/-/bcryptjs-0.7.10.tgz
321 silly lockFile b8fc5be2-bcryptjs-0-7-10 bcryptjs@0.7.10
322 silly lockFile b8fc5be2-bcryptjs-0-7-10 bcryptjs@0.7.10
323 silly lockFile 4a8a7076--npmjs-org-mysql-mysql-2-1-1-tgz https://registry.npmjs.org/mysql/-/mysql-2.1.1.tgz
324 silly lockFile 4a8a7076--npmjs-org-mysql-mysql-2-1-1-tgz https://registry.npmjs.org/mysql/-/mysql-2.1.1.tgz
325 silly lockFile df0a7fd5-mysql-2-1-1 mysql@2.1.1
326 silly lockFile df0a7fd5-mysql-2-1-1 mysql@2.1.1
327 warn optional dep failed, continuing mysql@2.1.1
328 verbose optional dep failed, continuing [ 'mysql@2.1.1',
328 verbose optional dep failed, continuing   { [Error: EACCES, mkdir '/Users/ericberlin/.npm/mysql/2.1.1']
328 verbose optional dep failed, continuing     errno: 3,
328 verbose optional dep failed, continuing     code: 'EACCES',
328 verbose optional dep failed, continuing     path: '/Users/ericberlin/.npm/mysql/2.1.1' } ]
329 http 200 https://registry.npmjs.org/html-to-text/-/html-to-text-0.1.0.tgz
330 silly lockFile 9ab49a51-stry-npmjs-org-rss-rss-0-2-1-tgz https://registry.npmjs.org/rss/-/rss-0.2.1.tgz
331 silly lockFile 9ab49a51-stry-npmjs-org-rss-rss-0-2-1-tgz https://registry.npmjs.org/rss/-/rss-0.2.1.tgz
332 silly lockFile 9f4024db-rss-0-2-1 rss@0.2.1
333 silly lockFile 9f4024db-rss-0-2-1 rss@0.2.1
334 silly lockFile 7939b47c-l-to-text-html-to-text-0-1-0-tgz https://registry.npmjs.org/html-to-text/-/html-to-text-0.1.0.tgz
335 silly lockFile 7939b47c-l-to-text-html-to-text-0-1-0-tgz https://registry.npmjs.org/html-to-text/-/html-to-text-0.1.0.tgz
336 silly lockFile 098b13ec-html-to-text-0-1-0 html-to-text@0.1.0
337 silly lockFile 098b13ec-html-to-text-0-1-0 html-to-text@0.1.0
338 silly lockFile 6194c48a-html-to-text-0-1-0 html-to-text@^0.1.0
339 silly lockFile 6194c48a-html-to-text-0-1-0 html-to-text@^0.1.0
340 http 304 https://registry.npmjs.org/bluebird
341 silly registry.get cb [ 304,
341 silly registry.get   { date: 'Mon, 10 Nov 2014 11:15:19 GMT',
341 silly registry.get     server: 'Apache',
341 silly registry.get     via: '1.1 varnish',
341 silly registry.get     'last-modified': 'Mon, 10 Nov 2014 11:15:20 GMT',
341 silly registry.get     'cache-control': 'max-age=60',
341 silly registry.get     etag: '"B5YFF3UPA1V1LQ5I44ESK2LLZ"',
341 silly registry.get     age: '0',
341 silly registry.get     'x-served-by': 'cache-ams4129-AMS',
341 silly registry.get     'x-cache': 'HIT',
341 silly registry.get     'x-cache-hits': '1',
341 silly registry.get     'x-timer': 'S1415618119.422763,VS0,VE641',
341 silly registry.get     vary: 'Accept',
341 silly registry.get     'content-length': '0',
341 silly registry.get     'keep-alive': 'timeout=10, max=48',
341 silly registry.get     connection: 'Keep-Alive' } ]
342 verbose etag https://registry.npmjs.org/bluebird from cache
343 silly lockFile d48c133e--org-bluebird-bluebird-2-3-0-tgz https://registry.npmjs.org/bluebird/-/bluebird-2.3.0.tgz
344 verbose lock https://registry.npmjs.org/bluebird/-/bluebird-2.3.0.tgz /Users/ericberlin/.npm/d48c133e--org-bluebird-bluebird-2-3-0-tgz.lock
345 verbose addRemoteTarball [ 'https://registry.npmjs.org/bluebird/-/bluebird-2.3.0.tgz',
345 verbose addRemoteTarball   '0d9260735ca30c8a28b3427a291fe2b9287da0f8' ]
346 info retry fetch attempt 1 at 12:15:20
347 verbose fetch to= /var/folders/l5/n9b8_nk1041cmmr34k_bz1_80000gn/T/npm-23316-pSrPc5Kz/registry.npmjs.org/bluebird/-/bluebird-2.3.0.tgz
348 http GET https://registry.npmjs.org/bluebird/-/bluebird-2.3.0.tgz
349 silly lockFile 248ca39b-rg-bookshelf-bookshelf-0-7-6-tgz https://registry.npmjs.org/bookshelf/-/bookshelf-0.7.6.tgz
350 silly lockFile 248ca39b-rg-bookshelf-bookshelf-0-7-6-tgz https://registry.npmjs.org/bookshelf/-/bookshelf-0.7.6.tgz
351 silly lockFile 6e521f43-bookshelf-0-7-6 bookshelf@0.7.6
352 silly lockFile 6e521f43-bookshelf-0-7-6 bookshelf@0.7.6
353 http 200 https://registry.npmjs.org/bluebird/-/bluebird-2.3.0.tgz
354 silly lockFile d48c133e--org-bluebird-bluebird-2-3-0-tgz https://registry.npmjs.org/bluebird/-/bluebird-2.3.0.tgz
355 silly lockFile d48c133e--org-bluebird-bluebird-2-3-0-tgz https://registry.npmjs.org/bluebird/-/bluebird-2.3.0.tgz
356 silly lockFile 629ba211-bluebird-2-3-0 bluebird@2.3.0
357 silly lockFile 629ba211-bluebird-2-3-0 bluebird@2.3.0
358 silly lockFile 82bacb71-js-org-sqlite3-sqlite3-2-2-7-tgz https://registry.npmjs.org/sqlite3/-/sqlite3-2.2.7.tgz
359 silly lockFile 82bacb71-js-org-sqlite3-sqlite3-2-2-7-tgz https://registry.npmjs.org/sqlite3/-/sqlite3-2.2.7.tgz
360 silly lockFile c4b003ef-sqlite3-2-2-7 sqlite3@2.2.7
361 silly lockFile c4b003ef-sqlite3-2-2-7 sqlite3@2.2.7
362 error Error: EACCES, mkdir '/Users/ericberlin/.npm/compression/1.1.0'
362 error  { [Error: EACCES, mkdir '/Users/ericberlin/.npm/compression/1.1.0']
362 error   errno: 3,
362 error   code: 'EACCES',
362 error   path: '/Users/ericberlin/.npm/compression/1.1.0',
362 error   parent: 'ghost' }
363 error Please try running this command again as root/Administrator.
364 error System Darwin 14.0.0
365 error command "/usr/local/bin/node" "/usr/local/bin/npm" "install" "--production"
366 error cwd /Users/ericberlin/Sites/sc_blog
367 error node -v v0.10.32
368 error npm -v 1.4.28
369 error path /Users/ericberlin/.npm/compression/1.1.0
370 error code EACCES
371 error errno 3
372 error stack Error: EACCES, mkdir '/Users/ericberlin/.npm/compression/1.1.0'
373 verbose exit [ 3, true ]
